\BOOKMARK [1][-]{section*.1}{\376\377\000[\000N\000A\000M\000E\000]\000N\000A\000M\000E}{}% 1
\BOOKMARK [1][-]{section*.2}{\376\377\000[\000S\000Y\000N\000O\000P\000S\000I\000S\000]\000S\000Y\000N\000O\000P\000S\000I\000S}{}% 2
\BOOKMARK [1][-]{section*.3}{\376\377\000[\000D\000E\000S\000C\000R\000I\000P\000T\000I\000O\000N\000]\000D\000E\000S\000C\000R\000I\000P\000T\000I\000O\000N}{}% 3
\BOOKMARK [2][-]{section*.4}{\376\377\000[\000A\000p\000t\000P\000k\000g\000]\000A\000p\000t\000P\000k\000g}{section*.3}% 4
\BOOKMARK [2][-]{section*.5}{\376\377\000[\000A\000p\000t\000P\000k\000g\000:\000:\000u\000x\0005\000f\000c\000o\000n\000f\000i\000g\000]\000A\000p\000t\000P\000k\000g\000:\000:\000\137\000c\000o\000n\000f\000i\000g}{section*.3}% 5
\BOOKMARK [2][-]{section*.6}{\376\377\000[\000A\000p\000t\000P\000k\000g\000:\000:\000u\000x\0005\000f\000c\000o\000n\000f\000i\000g\000:\000:\000i\000t\000e\000m\000]\000A\000p\000t\000P\000k\000g\000:\000:\000\137\000c\000o\000n\000f\000i\000g\000:\000:\000i\000t\000e\000m}{section*.3}% 6
\BOOKMARK [2][-]{section*.7}{\376\377\000[\000A\000p\000t\000P\000k\000g\000:\000:\000S\000y\000s\000t\000e\000m\000]\000A\000p\000t\000P\000k\000g\000:\000:\000S\000y\000s\000t\000e\000m}{section*.3}% 7
\BOOKMARK [2][-]{section*.8}{\376\377\000[\000A\000p\000t\000P\000k\000g\000:\000:\000V\000e\000r\000s\000i\000o\000n\000]\000A\000p\000t\000P\000k\000g\000:\000:\000V\000e\000r\000s\000i\000o\000n}{section*.3}% 8
\BOOKMARK [2][-]{section*.9}{\376\377\000[\000A\000p\000t\000P\000k\000g\000:\000:\000u\000x\0005\000f\000c\000a\000c\000h\000e\000]\000A\000p\000t\000P\000k\000g\000:\000:\000\137\000c\000a\000c\000h\000e}{section*.3}% 9
\BOOKMARK [2][-]{section*.10}{\376\377\000[\000A\000p\000t\000P\000k\000g\000:\000:\000C\000a\000c\000h\000e\000:\000:\000u\000x\0005\000f\000p\000a\000c\000k\000a\000g\000e\000]\000A\000p\000t\000P\000k\000g\000:\000:\000C\000a\000c\000h\000e\000:\000:\000\137\000p\000a\000c\000k\000a\000g\000e}{section*.3}% 10
\BOOKMARK [2][-]{section*.11}{\376\377\000[\000A\000p\000t\000P\000k\000g\000:\000:\000C\000a\000c\000h\000e\000:\000:\000u\000x\0005\000f\000v\000e\000r\000s\000i\000o\000n\000]\000A\000p\000t\000P\000k\000g\000:\000:\000C\000a\000c\000h\000e\000:\000:\000\137\000v\000e\000r\000s\000i\000o\000n}{section*.3}% 11
\BOOKMARK [2][-]{section*.12}{\376\377\000[\000A\000p\000t\000P\000k\000g\000:\000:\000C\000a\000c\000h\000e\000:\000:\000u\000x\0005\000f\000d\000e\000p\000e\000n\000d\000s\000]\000A\000p\000t\000P\000k\000g\000:\000:\000C\000a\000c\000h\000e\000:\000:\000\137\000d\000e\000p\000e\000n\000d\000s}{section*.3}% 12
\BOOKMARK [2][-]{section*.13}{\376\377\000[\000A\000p\000t\000P\000k\000g\000:\000:\000C\000a\000c\000h\000e\000:\000:\000u\000x\0005\000f\000p\000r\000o\000v\000i\000d\000e\000s\000]\000A\000p\000t\000P\000k\000g\000:\000:\000C\000a\000c\000h\000e\000:\000:\000\137\000p\000r\000o\000v\000i\000d\000e\000s}{section*.3}% 13
\BOOKMARK [2][-]{section*.14}{\376\377\000[\000A\000p\000t\000P\000k\000g\000:\000:\000C\000a\000c\000h\000e\000:\000:\000u\000x\0005\000f\000d\000e\000s\000c\000r\000i\000p\000t\000i\000o\000n\000]\000A\000p\000t\000P\000k\000g\000:\000:\000C\000a\000c\000h\000e\000:\000:\000\137\000d\000e\000s\000c\000r\000i\000p\000t\000i\000o\000n}{section*.3}% 14
\BOOKMARK [2][-]{section*.15}{\376\377\000[\000A\000p\000t\000P\000k\000g\000:\000:\000C\000a\000c\000h\000e\000:\000:\000u\000x\0005\000f\000p\000k\000g\000u\000x\0005\000f\000f\000i\000l\000e\000]\000A\000p\000t\000P\000k\000g\000:\000:\000C\000a\000c\000h\000e\000:\000:\000\137\000p\000k\000g\000\137\000f\000i\000l\000e}{section*.3}% 15
\BOOKMARK [2][-]{section*.16}{\376\377\000[\000A\000p\000t\000P\000k\000g\000:\000:\000C\000a\000c\000h\000e\000:\000:\000u\000x\0005\000f\000v\000e\000r\000u\000x\0005\000f\000f\000i\000l\000e\000]\000A\000p\000t\000P\000k\000g\000:\000:\000C\000a\000c\000h\000e\000:\000:\000\137\000v\000e\000r\000\137\000f\000i\000l\000e}{section*.3}% 16
\BOOKMARK [2][-]{section*.17}{\376\377\000[\000A\000p\000t\000P\000k\000g\000:\000:\000C\000a\000c\000h\000e\000:\000:\000u\000x\0005\000f\000d\000e\000s\000c\000u\000x\0005\000f\000f\000i\000l\000e\000]\000A\000p\000t\000P\000k\000g\000:\000:\000C\000a\000c\000h\000e\000:\000:\000\137\000d\000e\000s\000c\000\137\000f\000i\000l\000e}{section*.3}% 17
\BOOKMARK [2][-]{section*.18}{\376\377\000[\000A\000p\000t\000P\000k\000g\000:\000:\000C\000a\000c\000h\000e\000:\000:\000u\000x\0005\000f\000p\000k\000g\000u\000x\0005\000f\000r\000e\000c\000o\000r\000d\000s\000]\000A\000p\000t\000P\000k\000g\000:\000:\000C\000a\000c\000h\000e\000:\000:\000\137\000p\000k\000g\000\137\000r\000e\000c\000o\000r\000d\000s}{section*.3}% 18
\BOOKMARK [2][-]{section*.19}{\376\377\000[\000A\000p\000t\000P\000k\000g\000:\000:\000u\000x\0005\000f\000p\000o\000l\000i\000c\000y\000]\000A\000p\000t\000P\000k\000g\000:\000:\000\137\000p\000o\000l\000i\000c\000y}{section*.3}% 19
\BOOKMARK [2][-]{section*.20}{\376\377\000[\000A\000p\000t\000P\000k\000g\000:\000:\000u\000x\0005\000f\000s\000o\000u\000r\000c\000e\000u\000x\0005\000f\000l\000i\000s\000t\000]\000A\000p\000t\000P\000k\000g\000:\000:\000\137\000s\000o\000u\000r\000c\000e\000\137\000l\000i\000s\000t}{section*.3}% 20
\BOOKMARK [2][-]{section*.21}{\376\377\000[\000A\000p\000t\000P\000k\000g\000:\000:\000u\000x\0005\000f\000s\000r\000c\000u\000x\0005\000f\000r\000e\000c\000o\000r\000d\000s\000]\000A\000p\000t\000P\000k\000g\000:\000:\000\137\000s\000r\000c\000\137\000r\000e\000c\000o\000r\000d\000s}{section*.3}% 21
\BOOKMARK [2][-]{section*.22}{\376\377\000[\000C\000o\000n\000s\000t\000a\000n\000t\000s\000]\000C\000o\000n\000s\000t\000a\000n\000t\000s}{section*.3}% 22
\BOOKMARK [1][-]{section*.23}{\376\377\000[\000S\000E\000E\000u\000x\0005\000f\000A\000L\000S\000O\000]\000S\000E\000E\000\040\000A\000L\000S\000O}{}% 23
\BOOKMARK [1][-]{section*.24}{\376\377\000[\000A\000U\000T\000H\000O\000R\000]\000A\000U\000T\000H\000O\000R}{}% 24
