\BOOKMARK [1][-]{section*.1}{\376\377\000[\000N\000A\000M\000E\000]\000N\000A\000M\000E}{}% 1
\BOOKMARK [1][-]{section*.2}{\376\377\000[\000S\000Y\000N\000O\000P\000S\000I\000S\000]\000S\000Y\000N\000O\000P\000S\000I\000S}{}% 2
\BOOKMARK [1][-]{section*.3}{\376\377\000[\000D\000E\000S\000C\000R\000I\000P\000T\000I\000O\000N\000]\000D\000E\000S\000C\000R\000I\000P\000T\000I\000O\000N}{}% 3
\BOOKMARK [2][-]{section*.4}{\376\377\000[\000F\000i\000l\000e\000u\000x\0005\000f\000N\000a\000m\000i\000n\000g\000]\000F\000i\000l\000e\000\040\000N\000a\000m\000i\000n\000g}{section*.3}% 4
\BOOKMARK [2][-]{section*.5}{\376\377\000[\000A\000r\000c\000h\000i\000v\000e\000:\000:\000Z\000i\000p\000u\000x\0005\000f\000O\000b\000j\000e\000c\000t\000u\000x\0005\000f\000M\000o\000d\000e\000l\000]\000A\000r\000c\000h\000i\000v\000e\000:\000:\000Z\000i\000p\000\040\000O\000b\000j\000e\000c\000t\000\040\000M\000o\000d\000e\000l}{section*.3}% 5
\BOOKMARK [2][-]{section*.6}{\376\377\000[\000O\000v\000e\000r\000v\000i\000e\000w\000]\000O\000v\000e\000r\000v\000i\000e\000w}{section*.3}% 6
\BOOKMARK [2][-]{section*.7}{\376\377\000[\000I\000n\000h\000e\000r\000i\000t\000a\000n\000c\000e\000]\000I\000n\000h\000e\000r\000i\000t\000a\000n\000c\000e}{section*.3}% 7
\BOOKMARK [1][-]{section*.8}{\376\377\000[\000E\000X\000P\000O\000R\000T\000S\000]\000E\000X\000P\000O\000R\000T\000S}{}% 8
\BOOKMARK [1][-]{section*.9}{\376\377\000[\000E\000R\000R\000O\000R\000u\000x\0005\000f\000C\000O\000D\000E\000S\000]\000E\000R\000R\000O\000R\000\040\000C\000O\000D\000E\000S}{}% 9
\BOOKMARK [2][-]{section*.10}{\376\377\000[\000C\000o\000m\000p\000r\000e\000s\000s\000i\000o\000n\000]\000C\000o\000m\000p\000r\000e\000s\000s\000i\000o\000n}{section*.9}% 10
\BOOKMARK [2][-]{section*.11}{\376\377\000[\000C\000o\000m\000p\000r\000e\000s\000s\000i\000o\000n\000u\000x\0005\000f\000L\000e\000v\000e\000l\000s\000]\000C\000o\000m\000p\000r\000e\000s\000s\000i\000o\000n\000\040\000L\000e\000v\000e\000l\000s}{section*.9}% 11
\BOOKMARK [1][-]{section*.12}{\376\377\000[\000A\000r\000c\000h\000i\000v\000e\000:\000:\000Z\000i\000p\000u\000x\0005\000f\000M\000e\000t\000h\000o\000d\000s\000]\000A\000r\000c\000h\000i\000v\000e\000:\000:\000Z\000i\000p\000\040\000M\000e\000t\000h\000o\000d\000s}{}% 12
\BOOKMARK [2][-]{section*.13}{\376\377\000[\000C\000o\000n\000s\000t\000r\000u\000c\000t\000o\000r\000]\000C\000o\000n\000s\000t\000r\000u\000c\000t\000o\000r}{section*.12}% 13
\BOOKMARK [2][-]{section*.14}{\376\377\000[\000Z\000i\000p\000u\000x\0005\000f\000A\000r\000c\000h\000i\000v\000e\000u\000x\0005\000f\000U\000t\000i\000l\000i\000t\000y\000u\000x\0005\000f\000M\000e\000t\000h\000o\000d\000s\000]\000Z\000i\000p\000\040\000A\000r\000c\000h\000i\000v\000e\000\040\000U\000t\000i\000l\000i\000t\000y\000\040\000M\000e\000t\000h\000o\000d\000s}{section*.12}% 14
\BOOKMARK [2][-]{section*.15}{\376\377\000[\000Z\000i\000p\000u\000x\0005\000f\000A\000r\000c\000h\000i\000v\000e\000u\000x\0005\000f\000A\000c\000c\000e\000s\000s\000o\000r\000s\000]\000Z\000i\000p\000\040\000A\000r\000c\000h\000i\000v\000e\000\040\000A\000c\000c\000e\000s\000s\000o\000r\000s}{section*.12}% 15
\BOOKMARK [2][-]{section*.16}{\376\377\000[\000Z\000i\000p\000u\000x\0005\000f\000A\000r\000c\000h\000i\000v\000e\000u\000x\0005\000f\000M\000e\000m\000b\000e\000r\000u\000x\0005\000f\000O\000p\000e\000r\000a\000t\000i\000o\000n\000s\000]\000Z\000i\000p\000\040\000A\000r\000c\000h\000i\000v\000e\000\040\000M\000e\000m\000b\000e\000r\000\040\000O\000p\000e\000r\000a\000t\000i\000o\000n\000s}{section*.12}% 16
\BOOKMARK [2][-]{section*.17}{\376\377\000[\000Z\000i\000p\000u\000x\0005\000f\000A\000r\000c\000h\000i\000v\000e\000u\000x\0005\000f\000I\000u\000x\0002\000f\000O\000u\000x\0005\000f\000o\000p\000e\000r\000a\000t\000i\000o\000n\000s\000]\000Z\000i\000p\000\040\000A\000r\000c\000h\000i\000v\000e\000\040\000I\000/\000O\000\040\000o\000p\000e\000r\000a\000t\000i\000o\000n\000s}{section*.12}% 17
\BOOKMARK [2][-]{section*.18}{\376\377\000[\000Z\000i\000p\000u\000x\0005\000f\000A\000r\000c\000h\000i\000v\000e\000u\000x\0005\000f\000T\000r\000e\000e\000u\000x\0005\000f\000o\000p\000e\000r\000a\000t\000i\000o\000n\000s\000]\000Z\000i\000p\000\040\000A\000r\000c\000h\000i\000v\000e\000\040\000T\000r\000e\000e\000\040\000o\000p\000e\000r\000a\000t\000i\000o\000n\000s}{section*.12}% 18
\BOOKMARK [1][-]{section*.19}{\376\377\000[\000M\000E\000M\000B\000E\000R\000u\000x\0005\000f\000O\000P\000E\000R\000A\000T\000I\000O\000N\000S\000]\000M\000E\000M\000B\000E\000R\000\040\000O\000P\000E\000R\000A\000T\000I\000O\000N\000S}{}% 19
\BOOKMARK [2][-]{section*.20}{\376\377\000[\000M\000e\000m\000b\000e\000r\000u\000x\0005\000f\000C\000l\000a\000s\000s\000u\000x\0005\000f\000M\000e\000t\000h\000o\000d\000s\000]\000M\000e\000m\000b\000e\000r\000\040\000C\000l\000a\000s\000s\000\040\000M\000e\000t\000h\000o\000d\000s}{section*.19}% 20
\BOOKMARK [2][-]{section*.21}{\376\377\000[\000M\000e\000m\000b\000e\000r\000u\000x\0005\000f\000S\000i\000m\000p\000l\000e\000u\000x\0005\000f\000a\000c\000c\000e\000s\000s\000o\000r\000s\000]\000M\000e\000m\000b\000e\000r\000\040\000S\000i\000m\000p\000l\000e\000\040\000a\000c\000c\000e\000s\000s\000o\000r\000s}{section*.19}% 21
\BOOKMARK [2][-]{section*.22}{\376\377\000[\000L\000o\000w\000-\000l\000e\000v\000e\000l\000u\000x\0005\000f\000m\000e\000m\000b\000e\000r\000u\000x\0005\000f\000d\000a\000t\000a\000u\000x\0005\000f\000r\000e\000a\000d\000i\000n\000g\000]\000L\000o\000w\000-\000l\000e\000v\000e\000l\000\040\000m\000e\000m\000b\000e\000r\000\040\000d\000a\000t\000a\000\040\000r\000e\000a\000d\000i\000n\000g}{section*.19}% 22
\BOOKMARK [1][-]{section*.23}{\376\377\000[\000A\000r\000c\000h\000i\000v\000e\000:\000:\000Z\000i\000p\000:\000:\000F\000i\000l\000e\000M\000e\000m\000b\000e\000r\000u\000x\0005\000f\000m\000e\000t\000h\000o\000d\000s\000]\000A\000r\000c\000h\000i\000v\000e\000:\000:\000Z\000i\000p\000:\000:\000F\000i\000l\000e\000M\000e\000m\000b\000e\000r\000\040\000m\000e\000t\000h\000o\000d\000s}{}% 23
\BOOKMARK [1][-]{section*.24}{\376\377\000[\000A\000r\000c\000h\000i\000v\000e\000:\000:\000Z\000i\000p\000:\000:\000Z\000i\000p\000F\000i\000l\000e\000M\000e\000m\000b\000e\000r\000u\000x\0005\000f\000m\000e\000t\000h\000o\000d\000s\000]\000A\000r\000c\000h\000i\000v\000e\000:\000:\000Z\000i\000p\000:\000:\000Z\000i\000p\000F\000i\000l\000e\000M\000e\000m\000b\000e\000r\000\040\000m\000e\000t\000h\000o\000d\000s}{}% 24
\BOOKMARK [1][-]{section*.25}{\376\377\000[\000R\000E\000Q\000U\000I\000R\000E\000D\000u\000x\0005\000f\000M\000O\000D\000U\000L\000E\000S\000]\000R\000E\000Q\000U\000I\000R\000E\000D\000\040\000M\000O\000D\000U\000L\000E\000S}{}% 25
\BOOKMARK [1][-]{section*.26}{\376\377\000[\000B\000U\000G\000S\000u\000x\0005\000f\000A\000N\000D\000u\000x\0005\000f\000C\000A\000V\000E\000A\000T\000S\000]\000B\000U\000G\000S\000\040\000A\000N\000D\000\040\000C\000A\000V\000E\000A\000T\000S}{}% 26
\BOOKMARK [2][-]{section*.27}{\376\377\000[\000W\000h\000e\000n\000u\000x\0005\000f\000n\000o\000t\000u\000x\0005\000f\000t\000o\000u\000x\0005\000f\000u\000s\000e\000u\000x\0005\000f\000A\000r\000c\000h\000i\000v\000e\000:\000:\000Z\000i\000p\000]\000W\000h\000e\000n\000\040\000n\000o\000t\000\040\000t\000o\000\040\000u\000s\000e\000\040\000A\000r\000c\000h\000i\000v\000e\000:\000:\000Z\000i\000p}{section*.26}% 27
\BOOKMARK [2][-]{section*.28}{\376\377\000[\000T\000r\000y\000u\000x\0005\000f\000t\000o\000u\000x\0005\000f\000a\000v\000o\000i\000d\000u\000x\0005\000f\000I\000O\000:\000:\000S\000c\000a\000l\000a\000r\000]\000T\000r\000y\000\040\000t\000o\000\040\000a\000v\000o\000i\000d\000\040\000I\000O\000:\000:\000S\000c\000a\000l\000a\000r}{section*.26}% 28
\BOOKMARK [1][-]{section*.29}{\376\377\000[\000T\000O\000u\000x\0005\000f\000D\000O\000]\000T\000O\000\040\000D\000O}{}% 29
\BOOKMARK [1][-]{section*.30}{\376\377\000[\000S\000U\000P\000P\000O\000R\000T\000]\000S\000U\000P\000P\000O\000R\000T}{}% 30
\BOOKMARK [1][-]{section*.31}{\376\377\000[\000A\000U\000T\000H\000O\000R\000]\000A\000U\000T\000H\000O\000R}{}% 31
\BOOKMARK [1][-]{section*.32}{\376\377\000[\000C\000O\000P\000Y\000R\000I\000G\000H\000T\000]\000C\000O\000P\000Y\000R\000I\000G\000H\000T}{}% 32
\BOOKMARK [1][-]{section*.33}{\376\377\000[\000S\000E\000E\000u\000x\0005\000f\000A\000L\000S\000O\000]\000S\000E\000E\000\040\000A\000L\000S\000O}{}% 33
